
========================================
        DETECTED HARDWARE INFO
========================================
OS Platform     : win32
Python Version  : 3.13.5
PyTorch Version : 2.6.0+cu124
CUDA Available  : True
CUDA Device Name: NVIDIA GeForce RTX 2050
CUDA Dev Count  : 1
MPS Available   : False
Active Device   : cuda
========================================

Device: cuda
[TABLE-MGR] Loaded 9 table(s) from C:\Users\desiy\Downloads\coe-intern-main (1)\coe-intern-main\analytics\config\tables.json
Active table ROIs: ['table_1', 'table_2', 'table_3', 'table_4', 'table_5', 'table_6', 'table_7', 'table_8', 'table_9']
Initializing modules...
[PersonTracker] Loaded OSNet Re-ID weights from C:\Users\desiy\Downloads\coe-intern-main (1)\coe-intern-main\embedding\osnet_x1_0_msmt17.pth
INFO: Created TensorFlow Lite XNNPACK delegate for CPU.
W0000 00:00:1783889599.881796   23632 inference_feedback_manager.cc:121] Feedback manager requires a model with a single signature inference. Disabling support for feedback tensors.
W0000 00:00:1783889599.889023   28596 inference_feedback_manager.cc:121] Feedback manager requires a model with a single signature inference. Disabling support for feedback tensors.
W0000 00:00:1783889599.963093    1972 inference_feedback_manager.cc:121] Feedback manager requires a model with a single signature inference. Disabling support for feedback tensors.
W0000 00:00:1783889599.977626   31140 inference_feedback_manager.cc:121] Feedback manager requires a model with a single signature inference. Disabling support for feedback tensors.
Processing frames 22692–22842 (910s – 916s)

============================================================
Starting Analytics Pipeline
============================================================

Frame 22700 | Persons: 0 | Customers: 0 | Waiters: 0 | FPS: 53.8
Frame 22750 | Persons: 0 | Customers: 0 | Waiters: 0 | FPS: 49.7
Frame 22800 | Persons: 1 | Customers: 0 | Waiters: 0 | FPS: 22.0
[Tracker] Locked track 2 as waiter
W0000 00:00:1783889607.795465   31988 landmark_projection_calculator.cc:81] Using NORM_RECT without IMAGE_DIMENSIONS is only supported for the square ROI. Provide IMAGE_DIMENSIONS or use PROJECTION_MATRIX.
[SessionManager] Session S1 marked dormant
[Tracker] Locked track 1 as waiter
[FSM INIT] Table table_1 warm-up complete -> EMPTY
[FSM INIT] Table table_2 warm-up complete -> EMPTY
[FSM INIT] Table table_3 warm-up complete -> EMPTY
[FSM INIT] Table table_4 warm-up complete -> EMPTY
[FSM INIT] Table table_5 warm-up complete -> EMPTY
[FSM INIT] Table table_6 warm-up complete -> EMPTY
[FSM INIT] Table table_7 warm-up complete -> EMPTY
[FSM INIT] Table table_8 warm-up complete -> EMPTY
[FSM INIT] Table table_9 warm-up complete -> EMPTY
  [SERVE-CHK] F:22830 waiter=S2 is_serving=True conf=0.50 methods={'food_detection': False, 'hand_detection': False, 'pose_detection': True, 'colour_near_wrist': True}

============================================================
Pipeline Complete!
============================================================
Output video: C:\Users\desiy\Downloads\coe-intern-main (1)\coe-intern-main\output_slice_5.mp4

============================================================
Table Summary
============================================================
  table_1: {'state': 'EMPTY', 'previous_state': None, 'state_start_time': 914.9774191838898, 'warm_up_complete': True, 'customer_time_start': None, 'customer_time_stop': None, 'waiting_time_start': None, 'waiting_time_stop': None, 'dining_time_start': None, 'dining_time_stop': None, 'occupancy_start_time': None, 'order_confirmed_time': None, 'food_wait_start_time': None, 'food_served_time': None, 'customer_left_time': None, 'dirty_start_time': None, 'clean_time': None, 'session_uuid': None, 'food_served_fired': False} | Visits: 0 | Peak: 0 | Waiter visits: 0
  table_2: {'state': 'EMPTY', 'previous_state': None, 'state_start_time': 914.9774191838898, 'warm_up_complete': True, 'customer_time_start': None, 'customer_time_stop': None, 'waiting_time_start': None, 'waiting_time_stop': None, 'dining_time_start': None, 'dining_time_stop': None, 'occupancy_start_time': None, 'order_confirmed_time': None, 'food_wait_start_time': None, 'food_served_time': None, 'customer_left_time': None, 'dirty_start_time': None, 'clean_time': None, 'session_uuid': None, 'food_served_fired': False} | Visits: 0 | Peak: 0 | Waiter visits: 0
  table_3: {'state': 'EMPTY', 'previous_state': None, 'state_start_time': 914.9774191838898, 'warm_up_complete': True, 'customer_time_start': None, 'customer_time_stop': None, 'waiting_time_start': None, 'waiting_time_stop': None, 'dining_time_start': None, 'dining_time_stop': None, 'occupancy_start_time': None, 'order_confirmed_time': None, 'food_wait_start_time': None, 'food_served_time': None, 'customer_left_time': None, 'dirty_start_time': None, 'clean_time': None, 'session_uuid': None, 'food_served_fired': False} | Visits: 0 | Peak: 0 | Waiter visits: 2
  table_4: {'state': 'EMPTY', 'previous_state': None, 'state_start_time': 914.9774191838898, 'warm_up_complete': True, 'customer_time_start': None, 'customer_time_stop': None, 'waiting_time_start': None, 'waiting_time_stop': None, 'dining_time_start': None, 'dining_time_stop': None, 'occupancy_start_time': None, 'order_confirmed_time': None, 'food_wait_start_time': None, 'food_served_time': None, 'customer_left_time': None, 'dirty_start_time': None, 'clean_time': None, 'session_uuid': None, 'food_served_fired': False} | Visits: 0 | Peak: 0 | Waiter visits: 0
  table_5: {'state': 'EMPTY', 'previous_state': None, 'state_start_time': 914.9774191838898, 'warm_up_complete': True, 'customer_time_start': None, 'customer_time_stop': None, 'waiting_time_start': None, 'waiting_time_stop': None, 'dining_time_start': None, 'dining_time_stop': None, 'occupancy_start_time': None, 'order_confirmed_time': None, 'food_wait_start_time': None, 'food_served_time': None, 'customer_left_time': None, 'dirty_start_time': None, 'clean_time': None, 'session_uuid': None, 'food_served_fired': False} | Visits: 0 | Peak: 0 | Waiter visits: 0
  table_6: {'state': 'EMPTY', 'previous_state': None, 'state_start_time': 914.9774191838898, 'warm_up_complete': True, 'customer_time_start': None, 'customer_time_stop': None, 'waiting_time_start': None, 'waiting_time_stop': None, 'dining_time_start': None, 'dining_time_stop': None, 'occupancy_start_time': None, 'order_confirmed_time': None, 'food_wait_start_time': None, 'food_served_time': None, 'customer_left_time': None, 'dirty_start_time': None, 'clean_time': None, 'session_uuid': None, 'food_served_fired': False} | Visits: 0 | Peak: 0 | Waiter visits: 0
  table_7: {'state': 'EMPTY', 'previous_state': None, 'state_start_time': 914.9774191838898, 'warm_up_complete': True, 'customer_time_start': None, 'customer_time_stop': None, 'waiting_time_start': None, 'waiting_time_stop': None, 'dining_time_start': None, 'dining_time_stop': None, 'occupancy_start_time': None, 'order_confirmed_time': None, 'food_wait_start_time': None, 'food_served_time': None, 'customer_left_time': None, 'dirty_start_time': None, 'clean_time': None, 'session_uuid': None, 'food_served_fired': False} | Visits: 0 | Peak: 0 | Waiter visits: 0
  table_8: {'state': 'EMPTY', 'previous_state': None, 'state_start_time': 914.9774191838898, 'warm_up_complete': True, 'customer_time_start': None, 'customer_time_stop': None, 'waiting_time_start': None, 'waiting_time_stop': None, 'dining_time_start': None, 'dining_time_stop': None, 'occupancy_start_time': None, 'order_confirmed_time': None, 'food_wait_start_time': None, 'food_served_time': None, 'customer_left_time': None, 'dirty_start_time': None, 'clean_time': None, 'session_uuid': None, 'food_served_fired': False} | Visits: 0 | Peak: 0 | Waiter visits: 0
  table_9: {'state': 'EMPTY', 'previous_state': None, 'state_start_time': 914.9774191838898, 'warm_up_complete': True, 'customer_time_start': None, 'customer_time_stop': None, 'waiting_time_start': None, 'waiting_time_stop': None, 'dining_time_start': None, 'dining_time_stop': None, 'occupancy_start_time': None, 'order_confirmed_time': None, 'food_wait_start_time': None, 'food_served_time': None, 'customer_left_time': None, 'dirty_start_time': None, 'clean_time': None, 'session_uuid': None, 'food_served_fired': False} | Visits: 0 | Peak: 0 | Waiter visits: 0

============================================================
Exporting Database Logs to CSV
============================================================
✓ Exported occupancy_log.csv successfully.
✓ Exported waiter_metrics.csv successfully.
✓ Exported serving_events.csv successfully.
✓ Exported cleanliness_log.csv successfully.

============================================================
Compiling Summary JSON Report
============================================================
✓ Generated summary.json successfully.

============================================================
PERFORMANCE PROFILING REPORT
============================================================
Processed Frames           : 150
Total Processing Time      : 11.66 seconds
Average FPS                : 12.86
Average CPU Utilization    : 34.1%
Average GPU Utilization    : 24.2%
Average Inference Latency  : 9.06 ms
Average Tracking Latency   : 25.63 ms
============================================================

