
========================================
        DETECTED HARDWARE INFO
========================================
OS Platform     : win32
Python Version  : 3.13.5
PyTorch Version : 2.6.0+cu124
CUDA Available  : True
CUDA Device Name: NVIDIA GeForce RTX 2050
CUDA Dev Count  : 1
MPS Available   : False
Active Device   : cuda
========================================

Device: cuda
[TABLE-MGR] Loaded 9 table(s) from C:\Users\desiy\Downloads\coe-intern-main (1)\coe-intern-main\analytics\config\tables.json
Active table ROIs: ['table_1', 'table_2', 'table_3', 'table_4', 'table_5', 'table_6', 'table_7', 'table_8', 'table_9']
Initializing modules...
[PersonTracker] Loaded OSNet Re-ID weights from C:\Users\desiy\Downloads\coe-intern-main (1)\coe-intern-main\embedding\osnet_x1_0_msmt17.pth
INFO: Created TensorFlow Lite XNNPACK delegate for CPU.
W0000 00:00:1783889517.295898   23520 inference_feedback_manager.cc:121] Feedback manager requires a model with a single signature inference. Disabling support for feedback tensors.
W0000 00:00:1783889517.304785   23520 inference_feedback_manager.cc:121] Feedback manager requires a model with a single signature inference. Disabling support for feedback tensors.
W0000 00:00:1783889517.414240   25116 inference_feedback_manager.cc:121] Feedback manager requires a model with a single signature inference. Disabling support for feedback tensors.
W0000 00:00:1783889517.430642   29280 inference_feedback_manager.cc:121] Feedback manager requires a model with a single signature inference. Disabling support for feedback tensors.
Processing frames 20473–20623 (821s – 827s)

============================================================
Starting Analytics Pipeline
============================================================

Frame 20500 | Persons: 0 | Customers: 0 | Waiters: 0 | FPS: 42.8
[SessionManager] Session S1 marked dormant
[SessionManager] Resumed Session S1: absent 0.2s (start_time unchanged)
[SessionManager] Session S1 marked dormant
[SessionManager] Resumed Session S1: absent 0.6s (start_time unchanged)
Frame 20550 | Persons: 1 | Customers: 0 | Waiters: 0 | FPS: 39.9
[SessionManager] Session S1 marked dormant
[SessionManager] Resumed Session S1: absent 0.3s (start_time unchanged)
[SessionManager] Session S1 marked dormant
[SessionManager] Session S2 marked dormant
[SessionManager] Resumed Session S2: absent 0.0s (start_time unchanged)
[SessionManager] Resumed Session S1: absent 0.3s (start_time unchanged)
[SessionManager] Session S3 marked dormant
[SessionManager] Session S1 marked dormant
[SessionManager] Resumed Session S3: absent 0.7s (start_time unchanged)
[SessionManager] Resumed Session S1: absent 0.1s (start_time unchanged)
[SessionManager] Session S1 marked dormant
[SessionManager] Session S3 marked dormant
[SessionManager] Resumed Session S3: absent 0.0s (start_time unchanged)
[FSM INIT] Table table_1 warm-up complete -> EMPTY
[FSM INIT] Table table_2 warm-up complete -> EMPTY
[FSM INIT] Table table_3 warm-up complete -> EMPTY
[FSM INIT] Table table_4 warm-up complete -> EMPTY
[FSM INIT] Table table_5 warm-up complete -> EMPTY
[FSM INIT] Table table_6 warm-up complete -> EMPTY
[FSM INIT] Table table_7 warm-up complete -> EMPTY
[FSM INIT] Table table_8 warm-up complete -> EMPTY
[FSM INIT] Table table_9 warm-up complete -> EMPTY
[SessionManager] Session S3 marked dormant
Frame 20600 | Persons: 1 | Customers: 0 | Waiters: 0 | FPS: 26.8
[SessionManager] Resumed Session S3: absent 0.0s (start_time unchanged)
[SessionManager] Session S3 marked dormant
[SessionManager] Session S2 marked dormant
[SessionManager] Resumed Session S1: absent 0.4s (start_time unchanged)
[SessionManager] Resumed Session S2: absent 0.0s (start_time unchanged)
[SessionManager] Resumed Session S3: absent 0.2s (start_time unchanged)
[SessionManager] Session S1 marked dormant
[SessionManager] Session S3 marked dormant
[SessionManager] Resumed Session S1: absent 0.3s (start_time unchanged)

============================================================
Pipeline Complete!
============================================================
Output video: C:\Users\desiy\Downloads\coe-intern-main (1)\coe-intern-main\output_slice_2.mp4

============================================================
Table Summary
============================================================
  table_1: {'state': 'EMPTY', 'previous_state': None, 'state_start_time': 825.9939904610493, 'warm_up_complete': True, 'customer_time_start': None, 'customer_time_stop': None, 'waiting_time_start': None, 'waiting_time_stop': None, 'dining_time_start': None, 'dining_time_stop': None, 'occupancy_start_time': None, 'order_confirmed_time': None, 'food_wait_start_time': None, 'food_served_time': None, 'customer_left_time': None, 'dirty_start_time': None, 'clean_time': None, 'session_uuid': None, 'food_served_fired': False} | Visits: 0 | Peak: 0 | Waiter visits: 0
  table_2: {'state': 'EMPTY', 'previous_state': None, 'state_start_time': 825.9939904610493, 'warm_up_complete': True, 'customer_time_start': None, 'customer_time_stop': None, 'waiting_time_start': None, 'waiting_time_stop': None, 'dining_time_start': None, 'dining_time_stop': None, 'occupancy_start_time': None, 'order_confirmed_time': None, 'food_wait_start_time': None, 'food_served_time': None, 'customer_left_time': None, 'dirty_start_time': None, 'clean_time': None, 'session_uuid': None, 'food_served_fired': False} | Visits: 0 | Peak: 0 | Waiter visits: 0
  table_3: {'state': 'EMPTY', 'previous_state': None, 'state_start_time': 825.9939904610493, 'warm_up_complete': True, 'customer_time_start': None, 'customer_time_stop': None, 'waiting_time_start': None, 'waiting_time_stop': None, 'dining_time_start': None, 'dining_time_stop': None, 'occupancy_start_time': None, 'order_confirmed_time': None, 'food_wait_start_time': None, 'food_served_time': None, 'customer_left_time': None, 'dirty_start_time': None, 'clean_time': None, 'session_uuid': None, 'food_served_fired': False} | Visits: 0 | Peak: 0 | Waiter visits: 0
  table_4: {'state': 'EMPTY', 'previous_state': None, 'state_start_time': 825.9939904610493, 'warm_up_complete': True, 'customer_time_start': None, 'customer_time_stop': None, 'waiting_time_start': None, 'waiting_time_stop': None, 'dining_time_start': None, 'dining_time_stop': None, 'occupancy_start_time': None, 'order_confirmed_time': None, 'food_wait_start_time': None, 'food_served_time': None, 'customer_left_time': None, 'dirty_start_time': None, 'clean_time': None, 'session_uuid': None, 'food_served_fired': False} | Visits: 0 | Peak: 0 | Waiter visits: 0
  table_5: {'state': 'EMPTY', 'previous_state': None, 'state_start_time': 825.9939904610493, 'warm_up_complete': True, 'customer_time_start': None, 'customer_time_stop': None, 'waiting_time_start': None, 'waiting_time_stop': None, 'dining_time_start': None, 'dining_time_stop': None, 'occupancy_start_time': None, 'order_confirmed_time': None, 'food_wait_start_time': None, 'food_served_time': None, 'customer_left_time': None, 'dirty_start_time': None, 'clean_time': None, 'session_uuid': None, 'food_served_fired': False} | Visits: 0 | Peak: 0 | Waiter visits: 0
  table_6: {'state': 'EMPTY', 'previous_state': None, 'state_start_time': 825.9939904610493, 'warm_up_complete': True, 'customer_time_start': None, 'customer_time_stop': None, 'waiting_time_start': None, 'waiting_time_stop': None, 'dining_time_start': None, 'dining_time_stop': None, 'occupancy_start_time': None, 'order_confirmed_time': None, 'food_wait_start_time': None, 'food_served_time': None, 'customer_left_time': None, 'dirty_start_time': None, 'clean_time': None, 'session_uuid': None, 'food_served_fired': False} | Visits: 0 | Peak: 0 | Waiter visits: 0
  table_7: {'state': 'EMPTY', 'previous_state': None, 'state_start_time': 825.9939904610493, 'warm_up_complete': True, 'customer_time_start': None, 'customer_time_stop': None, 'waiting_time_start': None, 'waiting_time_stop': None, 'dining_time_start': None, 'dining_time_stop': None, 'occupancy_start_time': None, 'order_confirmed_time': None, 'food_wait_start_time': None, 'food_served_time': None, 'customer_left_time': None, 'dirty_start_time': None, 'clean_time': None, 'session_uuid': None, 'food_served_fired': False} | Visits: 0 | Peak: 0 | Waiter visits: 0
  table_8: {'state': 'EMPTY', 'previous_state': None, 'state_start_time': 825.9939904610493, 'warm_up_complete': True, 'customer_time_start': None, 'customer_time_stop': None, 'waiting_time_start': None, 'waiting_time_stop': None, 'dining_time_start': None, 'dining_time_stop': None, 'occupancy_start_time': None, 'order_confirmed_time': None, 'food_wait_start_time': None, 'food_served_time': None, 'customer_left_time': None, 'dirty_start_time': None, 'clean_time': None, 'session_uuid': None, 'food_served_fired': False} | Visits: 0 | Peak: 0 | Waiter visits: 0
  table_9: {'state': 'EMPTY', 'previous_state': None, 'state_start_time': 825.9939904610493, 'warm_up_complete': True, 'customer_time_start': None, 'customer_time_stop': None, 'waiting_time_start': None, 'waiting_time_stop': None, 'dining_time_start': None, 'dining_time_stop': None, 'occupancy_start_time': None, 'order_confirmed_time': None, 'food_wait_start_time': None, 'food_served_time': None, 'customer_left_time': None, 'dirty_start_time': None, 'clean_time': None, 'session_uuid': None, 'food_served_fired': False} | Visits: 0 | Peak: 0 | Waiter visits: 0

============================================================
Exporting Database Logs to CSV
============================================================
✓ Exported occupancy_log.csv successfully.
✓ Exported waiter_metrics.csv successfully.
✓ Exported serving_events.csv successfully.
✓ Exported cleanliness_log.csv successfully.

============================================================
Compiling Summary JSON Report
============================================================
✓ Generated summary.json successfully.

============================================================
PERFORMANCE PROFILING REPORT
============================================================
Processed Frames           : 150
Total Processing Time      : 11.09 seconds
Average FPS                : 13.52
Average CPU Utilization    : 36.2%
Average GPU Utilization    : 24.9%
Average Inference Latency  : 12.07 ms
Average Tracking Latency   : 25.91 ms
============================================================

